Using pre-set license
Built from '2021.3/staging' branch; Version is '2021.3.2f1 (d6360bedb9a0) revision 14038539'; Using compiler version '192829333'; Build Type 'Release'
OS: 'Windows 10  (10.0.19043) 64bit Core' Language: 'pl' Physical Memory: 32694 MB
BatchMode: 1, IsHumanControllingUs: 0, StartBugReporterOnCrash: 0, Is64bit: 1, IsPro: 1

COMMAND LINE ARGUMENTS:
C:\Program Files\Unity\Hub\Editor\2021.3.2f1\Editor\Unity.exe
-adb2
-batchMode
-noUpm
-name
AssetImportWorker2
-projectPath
C:/Users/Robert/3d
-logFile
Logs/AssetImportWorker2.log
-srvPort
51630
Successfully changed project path to: C:/Users/Robert/3d
C:/Users/Robert/3d
[UnityMemory] Configuration Parameters - Can be set up in boot.config
    "memorysetup-bucket-allocator-granularity=16"
    "memorysetup-bucket-allocator-bucket-count=8"
    "memorysetup-bucket-allocator-block-size=33554432"
    "memorysetup-bucket-allocator-block-count=8"
    "memorysetup-main-allocator-block-size=16777216"
    "memorysetup-thread-allocator-block-size=16777216"
    "memorysetup-gfx-main-allocator-block-size=16777216"
    "memorysetup-gfx-thread-allocator-block-size=16777216"
    "memorysetup-cache-allocator-block-size=4194304"
    "memorysetup-typetree-allocator-block-size=2097152"
    "memorysetup-profiler-bucket-allocator-granularity=16"
    "memorysetup-profiler-bucket-allocator-bucket-count=8"
    "memorysetup-profiler-bucket-allocator-block-size=33554432"
    "memorysetup-profiler-bucket-allocator-block-count=8"
    "memorysetup-profiler-allocator-block-size=16777216"
    "memorysetup-profiler-editor-allocator-block-size=1048576"
    "memorysetup-temp-allocator-size-main=16777216"
    "memorysetup-job-temp-allocator-block-size=2097152"
    "memorysetup-job-temp-allocator-block-size-background=1048576"
    "memorysetup-job-temp-allocator-reduction-small-platforms=262144"
    "memorysetup-temp-allocator-size-background-worker=32768"
    "memorysetup-temp-allocator-size-job-worker=262144"
    "memorysetup-temp-allocator-size-preload-manager=33554432"
    "memorysetup-temp-allocator-size-nav-mesh-worker=65536"
    "memorysetup-temp-allocator-size-audio-worker=65536"
    "memorysetup-temp-allocator-size-cloud-worker=32768"
    "memorysetup-temp-allocator-size-gi-baking-worker=262144"
    "memorysetup-temp-allocator-size-gfx=262144"
Refreshing native plugins compatible for Editor in 97.84 ms, found 3 plugins.
Preloading 0 native plugins for Editor in 0.00 ms.
Initialize engine version: 2021.3.2f1 (d6360bedb9a0)
[Subsystems] Discovering subsystems at path C:/Program Files/Unity/Hub/Editor/2021.3.2f1/Editor/Data/Resources/UnitySubsystems
[Subsystems] Discovering subsystems at path C:/Users/Robert/3d/Assets
GfxDevice: creating device client; threaded=0; jobified=0
Direct3D:
    Version:  Direct3D 11.0 [level 11.1]
    Renderer: NVIDIA GeForce RTX 3060 (ID=0x2503)
    Vendor:   NVIDIA
    VRAM:     12142 MB
    Driver:   30.0.15.1215
Initialize mono
Mono path[0] = 'C:/Program Files/Unity/Hub/Editor/2021.3.2f1/Editor/Data/Managed'
Mono path[1] = 'C:/Program Files/Unity/Hub/Editor/2021.3.2f1/Editor/Data/MonoBleedingEdge/lib/mono/unityjit-win32'
Mono config path = 'C:/Program Files/Unity/Hub/Editor/2021.3.2f1/Editor/Data/MonoBleedingEdge/etc'
Using monoOptions --debugger-agent=transport=dt_socket,embedding=1,server=y,suspend=n,address=127.0.0.1:56076
Begin MonoManager ReloadAssembly
Registering precompiled unity dll's ...
Register platform support module: C:/Program Files/Unity/Hub/Editor/2021.3.2f1/Editor/Data/PlaybackEngines/WindowsStandaloneSupport/UnityEditor.WindowsStandalone.Extensions.dll
Registered in 0.009563 seconds.
Native extension for WindowsStandalone target not found
Refreshing native plugins compatible for Editor in 78.07 ms, found 3 plugins.
Preloading 0 native plugins for Editor in 0.00 ms.
Mono: successfully reloaded assembly
- Completed reload, in  0.555 seconds
Domain Reload Profiling:
	ReloadAssembly (556ms)
		BeginReloadAssembly (77ms)
			ExecutionOrderSort (0ms)
			DisableScriptedObjects (0ms)
			BackupInstance (0ms)
			ReleaseScriptingObjects (0ms)
			CreateAndSetChildDomain (1ms)
		EndReloadAssembly (366ms)
			LoadAssemblies (74ms)
			RebuildTransferFunctionScriptingTraits (0ms)
			SetupTypeCache (69ms)
			ReleaseScriptCaches (0ms)
			RebuildScriptCaches (18ms)
			SetupLoadedEditorAssemblies (235ms)
				LogAssemblyErrors (0ms)
				InitializePlatformSupportModulesInManaged (6ms)
				SetLoadedEditorAssemblies (0ms)
				RefreshPlugins (78ms)
				BeforeProcessingInitializeOnLoad (1ms)
				ProcessInitializeOnLoadAttributes (113ms)
				ProcessInitializeOnLoadMethodAttributes (37ms)
				AfterProcessingInitializeOnLoad (0ms)
				EditorAssembliesLoaded (0ms)
			ExecutionOrderSort2 (0ms)
			AwakeInstancesAfterBackupRestoration (0ms)
Platform modules already initialized, skipping
Registering precompiled user dll's ...
Registered in 0.006738 seconds.
Begin MonoManager ReloadAssembly
Symbol file LoadedFromMemory doesn't match image C:\Users\Robert\3d\Library\PackageCache\com.unity.visualscripting@1.7.6\Editor\VisualScripting.Core\Dependencies\YamlDotNet\Unity.VisualScripting.YamlDotNet.dll
Symbol file LoadedFromMemory doesn't match image C:\Users\Robert\3d\Library\PackageCache\com.unity.visualscripting@1.7.6\Editor\VisualScripting.Core\Dependencies\DotNetZip\Unity.VisualScripting.IonicZip.dll
Native extension for WindowsStandalone target not found
Refreshing native plugins compatible for Editor in 74.13 ms, found 3 plugins.
Preloading 0 native plugins for Editor in 0.00 ms.
Mono: successfully reloaded assembly
- Completed reload, in  0.904 seconds
Domain Reload Profiling:
	ReloadAssembly (904ms)
		BeginReloadAssembly (90ms)
			ExecutionOrderSort (0ms)
			DisableScriptedObjects (6ms)
			BackupInstance (0ms)
			ReleaseScriptingObjects (0ms)
			CreateAndSetChildDomain (16ms)
		EndReloadAssembly (725ms)
			LoadAssemblies (69ms)
			RebuildTransferFunctionScriptingTraits (0ms)
			SetupTypeCache (182ms)
			ReleaseScriptCaches (1ms)
			RebuildScriptCaches (41ms)
			SetupLoadedEditorAssemblies (405ms)
				LogAssemblyErrors (0ms)
				InitializePlatformSupportModulesInManaged (3ms)
				SetLoadedEditorAssemblies (0ms)
				RefreshPlugins (74ms)
				BeforeProcessingInitializeOnLoad (80ms)
				ProcessInitializeOnLoadAttributes (175ms)
				ProcessInitializeOnLoadMethodAttributes (66ms)
				AfterProcessingInitializeOnLoad (6ms)
				EditorAssembliesLoaded (0ms)
			ExecutionOrderSort2 (0ms)
			AwakeInstancesAfterBackupRestoration (5ms)
Platform modules already initialized, skipping
========================================================================
Worker process is ready to serve import requests
Launched and connected shader compiler UnityShaderCompiler.exe after 0.05 seconds
Refreshing native plugins compatible for Editor in 1.32 ms, found 3 plugins.
Preloading 0 native plugins for Editor in 0.00 ms.
Unloading 5012 Unused Serialized files (Serialized files now loaded: 0)
Unloading 30 unused Assets / (346.3 KB). Loaded Objects now: 5473.
Memory consumption went from 196.3 MB to 196.0 MB.
Total: 2.882700 ms (FindLiveObjects: 0.304400 ms CreateObjectMapping: 0.135700 ms MarkObjects: 2.324500 ms  DeleteObjects: 0.117000 ms)

AssetImportParameters requested are different than current active one (requested -> active):
  custom:video-decoder-ogg-theora: a1e56fd34408186e4bbccfd4996cb3dc -> 
  custom:container-muxer-webm: aa71ff27fc2769a1b78a27578f13a17b -> 
  custom:container-demuxer-webm: 4f35f7cbe854078d1ac9338744f61a02 -> 
  custom:video-encoder-webm-vp8: eb34c28f22e8b96e1ab97ce403110664 -> 
  custom:audio-encoder-webm-vorbis: bf7c407c2cedff20999df2af8eb42d56 -> 
  custom:framework-win-MediaFoundation: 216162199b28c13a410421893ffa2e32 -> 
  custom:container-demuxer-ogg: 62fdf1f143b41e24485cea50d1cbac27 -> 
  custom:video-decoder-webm-vp8: 9c59270c3fd7afecdb556c50c9e8de78 -> 
  custom:audio-decoder-ogg-vorbis: bf7c407c2cedff20999df2af8eb42d56 -> 
========================================================================
Received Import Request.
  Time since last request: 847120.619706 seconds.
  path: Assets/Handpainted_Grass_and_Ground_Textures/Textures/Dirt/dirt_clay/dirt_clay_down.png
  artifactKey: Guid(a7b05dec520c8cf4c8e08dfef1f84db4) Importer(815301076,1909f56bfc062723c751e8b465ee728b)
Start importing Assets/Handpainted_Grass_and_Ground_Textures/Textures/Dirt/dirt_clay/dirt_clay_down.png using Guid(a7b05dec520c8cf4c8e08dfef1f84db4) Importer(815301076,1909f56bfc062723c751e8b465ee728b)  -> (artifact id: 'c02902bf24d5d1c2ae33952ba93f0db4') in 0.096790 seconds 
========================================================================
Received Import Request.
  Time since last request: 6.112311 seconds.
  path: Assets/Handpainted_Grass_and_Ground_Textures/Textures/Grass/Grass_bluetint/Grass_bluetint_down.png
  artifactKey: Guid(5ec0f071b81b63241967c85ddfc73ff8) Importer(815301076,1909f56bfc062723c751e8b465ee728b)
Start importing Assets/Handpainted_Grass_and_Ground_Textures/Textures/Grass/Grass_bluetint/Grass_bluetint_down.png using Guid(5ec0f071b81b63241967c85ddfc73ff8) Importer(815301076,1909f56bfc062723c751e8b465ee728b)  -> (artifact id: '23e5f9946a37edee933cb1a4fb375436') in 0.011634 seconds 
========================================================================
Received Import Request.
  Time since last request: 0.000030 seconds.
  path: Assets/Handpainted_Grass_and_Ground_Textures/Textures/Grass/Grass_bluetint/Grass_bluetint_up.png
  artifactKey: Guid(87faeff29765dd54d93f5ba0cdabfa58) Importer(815301076,1909f56bfc062723c751e8b465ee728b)
Start importing Assets/Handpainted_Grass_and_Ground_Textures/Textures/Grass/Grass_bluetint/Grass_bluetint_up.png using Guid(87faeff29765dd54d93f5ba0cdabfa58) Importer(815301076,1909f56bfc062723c751e8b465ee728b)  -> (artifact id: '6a35a4668f2856406d085df47e3021d1') in 0.011483 seconds 
========================================================================
Received Import Request.
  Time since last request: 2.345588 seconds.
  path: Assets/Handpainted_Grass_and_Ground_Textures/Textures/Grass/Grass_darked/Grass_darked_down.png
  artifactKey: Guid(9234305f12ded3442b911c3ff978d340) Importer(815301076,1909f56bfc062723c751e8b465ee728b)
Start importing Assets/Handpainted_Grass_and_Ground_Textures/Textures/Grass/Grass_darked/Grass_darked_down.png using Guid(9234305f12ded3442b911c3ff978d340) Importer(815301076,1909f56bfc062723c751e8b465ee728b)  -> (artifact id: '994e340d5e83bafe27c45d30ad5c3ea5') in 0.018802 seconds 
========================================================================
Received Import Request.
  Time since last request: 0.039001 seconds.
  path: Assets/Handpainted_Grass_and_Ground_Textures/Textures/Grass/Grass_darked/Grass_darked_right.png
  artifactKey: Guid(ec7bab56bfdc3d147b9e1fda8c12082d) Importer(815301076,1909f56bfc062723c751e8b465ee728b)
Start importing Assets/Handpainted_Grass_and_Ground_Textures/Textures/Grass/Grass_darked/Grass_darked_right.png using Guid(ec7bab56bfdc3d147b9e1fda8c12082d) Importer(815301076,1909f56bfc062723c751e8b465ee728b)  -> (artifact id: 'b2e34b4af2a20033cb25d3db0d3b027c') in 0.015011 seconds 
========================================================================
Received Import Request.
  Time since last request: 0.024557 seconds.
  path: Assets/Handpainted_Grass_and_Ground_Textures/Textures/Grass/Grass_desatured/Grass_desatured_down.png
  artifactKey: Guid(bf2b3b343fdc3044fa9aae22230ac40b) Importer(815301076,1909f56bfc062723c751e8b465ee728b)
Start importing Assets/Handpainted_Grass_and_Ground_Textures/Textures/Grass/Grass_desatured/Grass_desatured_down.png using Guid(bf2b3b343fdc3044fa9aae22230ac40b) Importer(815301076,1909f56bfc062723c751e8b465ee728b)  -> (artifact id: '2e376706340789b9d5886a3b10c5a8cb') in 0.013617 seconds 
========================================================================
Received Import Request.
  Time since last request: 0.024773 seconds.
  path: Assets/Handpainted_Grass_and_Ground_Textures/Textures/Grass/Grass_desatured/Grass_desatured_right.png
  artifactKey: Guid(8cd3f7acfe19d4a4cb849c2b2ab2172a) Importer(815301076,1909f56bfc062723c751e8b465ee728b)
Start importing Assets/Handpainted_Grass_and_Ground_Textures/Textures/Grass/Grass_desatured/Grass_desatured_right.png using Guid(8cd3f7acfe19d4a4cb849c2b2ab2172a) Importer(815301076,1909f56bfc062723c751e8b465ee728b)  -> (artifact id: '1f105eddea12421f1f3d4f0c617a2e02') in 0.019484 seconds 
========================================================================
Received Import Request.
  Time since last request: 0.025260 seconds.
  path: Assets/Handpainted_Grass_and_Ground_Textures/Textures/Grass/Grass_lighted/Grass_lighted_down.png
  artifactKey: Guid(6e3abed3edda0ae4b876a53ee95f7d37) Importer(815301076,1909f56bfc062723c751e8b465ee728b)
Start importing Assets/Handpainted_Grass_and_Ground_Textures/Textures/Grass/Grass_lighted/Grass_lighted_down.png using Guid(6e3abed3edda0ae4b876a53ee95f7d37) Importer(815301076,1909f56bfc062723c751e8b465ee728b)  -> (artifact id: '8c5f2efa82c2eb129d4f628b6f78f18c') in 0.019252 seconds 
========================================================================
Received Import Request.
  Time since last request: 28.996212 seconds.
  path: Assets/Handpainted_Grass_and_Ground_Textures/Textures/Dirt/dirt_claydarked/dirt_claydarked_up.png
  artifactKey: Guid(62ca00121c2f0c646a26db82e26732c0) Importer(815301076,1909f56bfc062723c751e8b465ee728b)
Start importing Assets/Handpainted_Grass_and_Ground_Textures/Textures/Dirt/dirt_claydarked/dirt_claydarked_up.png using Guid(62ca00121c2f0c646a26db82e26732c0) Importer(815301076,1909f56bfc062723c751e8b465ee728b)  -> (artifact id: '748bc28d7de11c4d0511f61d815346db') in 0.011323 seconds 
========================================================================
Received Import Request.
  Time since last request: 53.227929 seconds.
  path: Assets/Handpainted_Grass_and_Ground_Textures/Textures/Dirt/dirt_desatured_rocks/dirt_desatured_rocks_down.png
  artifactKey: Guid(6dc316139475bb04e887760522945098) Importer(815301076,1909f56bfc062723c751e8b465ee728b)
Start importing Assets/Handpainted_Grass_and_Ground_Textures/Textures/Dirt/dirt_desatured_rocks/dirt_desatured_rocks_down.png using Guid(6dc316139475bb04e887760522945098) Importer(815301076,1909f56bfc062723c751e8b465ee728b)  -> (artifact id: 'f920eb0292641cc99c80b28ce0357869') in 0.013009 seconds 
========================================================================
Received Import Request.
  Time since last request: 0.000019 seconds.
  path: Assets/Handpainted_Grass_and_Ground_Textures/Textures/Dirt/dirt_lighted_rocks/dirt_lighted_rocks_right.png
  artifactKey: Guid(168bf79e2688a4547819cac011e4caba) Importer(815301076,1909f56bfc062723c751e8b465ee728b)
Start importing Assets/Handpainted_Grass_and_Ground_Textures/Textures/Dirt/dirt_lighted_rocks/dirt_lighted_rocks_right.png using Guid(168bf79e2688a4547819cac011e4caba) Importer(815301076,1909f56bfc062723c751e8b465ee728b)  -> (artifact id: 'c5e4ac9d681c2ca04980301e3d5c2139') in 0.010856 seconds 
========================================================================
Received Import Request.
  Time since last request: 0.000053 seconds.
  path: Assets/Handpainted_Grass_and_Ground_Textures/Textures/Dirt/dirt_lighted_rocks/dirt_lighted_rocks_up.png
  artifactKey: Guid(23434846625707a47a591d9f045898fb) Importer(815301076,1909f56bfc062723c751e8b465ee728b)
Start importing Assets/Handpainted_Grass_and_Ground_Textures/Textures/Dirt/dirt_lighted_rocks/dirt_lighted_rocks_up.png using Guid(23434846625707a47a591d9f045898fb) Importer(815301076,1909f56bfc062723c751e8b465ee728b)  -> (artifact id: '28c857fa80de1451a58248e1f53adaa9') in 0.011622 seconds 
========================================================================
Received Import Request.
  Time since last request: 0.000021 seconds.
  path: Assets/Handpainted_Grass_and_Ground_Textures/Textures/Dirt/dirt_desatured_rocks/dirt_desatured_rocks_up.png
  artifactKey: Guid(3e38a850c0ef7cf44bdba15f73c994b8) Importer(815301076,1909f56bfc062723c751e8b465ee728b)
Start importing Assets/Handpainted_Grass_and_Ground_Textures/Textures/Dirt/dirt_desatured_rocks/dirt_desatured_rocks_up.png using Guid(3e38a850c0ef7cf44bdba15f73c994b8) Importer(815301076,1909f56bfc062723c751e8b465ee728b)  -> (artifact id: '5d4388ff555e4e0e1dca603e028f42f3') in 0.012318 seconds 
========================================================================
Received Import Request.
  Time since last request: 48.570351 seconds.
  path: Assets/Handpainted_Grass_and_Ground_Textures/Textures/Dirt/dirt_normal/dirt_normal_right.png
  artifactKey: Guid(ff9814537d0ed194cbbac0f2bb3086bc) Importer(815301076,1909f56bfc062723c751e8b465ee728b)
Start importing Assets/Handpainted_Grass_and_Ground_Textures/Textures/Dirt/dirt_normal/dirt_normal_right.png using Guid(ff9814537d0ed194cbbac0f2bb3086bc) Importer(815301076,1909f56bfc062723c751e8b465ee728b)  -> (artifact id: '65a643eb33f7330f2caafabfb5c7ef20') in 0.011937 seconds 
========================================================================
Received Prepare
Registering precompiled user dll's ...
Registered in 0.004616 seconds.
Begin MonoManager ReloadAssembly
Symbol file LoadedFromMemory doesn't match image C:\Users\Robert\3d\Library\PackageCache\com.unity.visualscripting@1.7.6\Editor\VisualScripting.Core\Dependencies\YamlDotNet\Unity.VisualScripting.YamlDotNet.dll
Symbol file LoadedFromMemory doesn't match image C:\Users\Robert\3d\Library\PackageCache\com.unity.visualscripting@1.7.6\Editor\VisualScripting.Core\Dependencies\DotNetZip\Unity.VisualScripting.IonicZip.dll
Native extension for WindowsStandalone target not found
Refreshing native plugins compatible for Editor in 0.73 ms, found 3 plugins.
Preloading 0 native plugins for Editor in 0.00 ms.
Mono: successfully reloaded assembly
- Completed reload, in  0.916 seconds
Domain Reload Profiling:
	ReloadAssembly (916ms)
		BeginReloadAssembly (115ms)
			ExecutionOrderSort (0ms)
			DisableScriptedObjects (5ms)
			BackupInstance (0ms)
			ReleaseScriptingObjects (0ms)
			CreateAndSetChildDomain (33ms)
		EndReloadAssembly (731ms)
			LoadAssemblies (70ms)
			RebuildTransferFunctionScriptingTraits (0ms)
			SetupTypeCache (224ms)
			ReleaseScriptCaches (2ms)
			RebuildScriptCaches (34ms)
			SetupLoadedEditorAssemblies (362ms)
				LogAssemblyErrors (0ms)
				InitializePlatformSupportModulesInManaged (10ms)
				SetLoadedEditorAssemblies (0ms)
				RefreshPlugins (1ms)
				BeforeProcessingInitializeOnLoad (65ms)
				ProcessInitializeOnLoadAttributes (200ms)
				ProcessInitializeOnLoadMethodAttributes (78ms)
				AfterProcessingInitializeOnLoad (7ms)
				EditorAssembliesLoaded (0ms)
			ExecutionOrderSort2 (0ms)
			AwakeInstancesAfterBackupRestoration (14ms)
Platform modules already initialized, skipping
Refreshing native plugins compatible for Editor in 2.50 ms, found 3 plugins.
Preloading 0 native plugins for Editor in 0.00 ms.
Unloading 4886 Unused Serialized files (Serialized files now loaded: 0)
Unloading 23 unused Assets / (309.9 KB). Loaded Objects now: 5478.
Memory consumption went from 187.9 MB to 187.6 MB.
Total: 2.860900 ms (FindLiveObjects: 0.380000 ms CreateObjectMapping: 0.107700 ms MarkObjects: 2.321100 ms  DeleteObjects: 0.051200 ms)

AssetImportParameters requested are different than current active one (requested -> active):
  custom:video-decoder-ogg-theora: a1e56fd34408186e4bbccfd4996cb3dc -> 
  custom:container-muxer-webm: aa71ff27fc2769a1b78a27578f13a17b -> 
  custom:container-demuxer-webm: 4f35f7cbe854078d1ac9338744f61a02 -> 
  custom:video-encoder-webm-vp8: eb34c28f22e8b96e1ab97ce403110664 -> 
  custom:audio-encoder-webm-vorbis: bf7c407c2cedff20999df2af8eb42d56 -> 
  custom:framework-win-MediaFoundation: 216162199b28c13a410421893ffa2e32 -> 
  custom:container-demuxer-ogg: 62fdf1f143b41e24485cea50d1cbac27 -> 
  custom:video-decoder-webm-vp8: 9c59270c3fd7afecdb556c50c9e8de78 -> 
  custom:audio-decoder-ogg-vorbis: bf7c407c2cedff20999df2af8eb42d56 -> 
========================================================================
Received Prepare
Registering precompiled user dll's ...
Registered in 0.004852 seconds.
Begin MonoManager ReloadAssembly
Symbol file LoadedFromMemory doesn't match image C:\Users\Robert\3d\Library\PackageCache\com.unity.visualscripting@1.7.6\Editor\VisualScripting.Core\Dependencies\YamlDotNet\Unity.VisualScripting.YamlDotNet.dll
Symbol file LoadedFromMemory doesn't match image C:\Users\Robert\3d\Library\PackageCache\com.unity.visualscripting@1.7.6\Editor\VisualScripting.Core\Dependencies\DotNetZip\Unity.VisualScripting.IonicZip.dll
Native extension for WindowsStandalone target not found
Refreshing native plugins compatible for Editor in 0.74 ms, found 3 plugins.
Preloading 0 native plugins for Editor in 0.00 ms.
Mono: successfully reloaded assembly
- Completed reload, in  0.912 seconds
Domain Reload Profiling:
	ReloadAssembly (912ms)
		BeginReloadAssembly (100ms)
			ExecutionOrderSort (0ms)
			DisableScriptedObjects (4ms)
			BackupInstance (0ms)
			ReleaseScriptingObjects (0ms)
			CreateAndSetChildDomain (28ms)
		EndReloadAssembly (736ms)
			LoadAssemblies (65ms)
			RebuildTransferFunctionScriptingTraits (0ms)
			SetupTypeCache (207ms)
			ReleaseScriptCaches (2ms)
			RebuildScriptCaches (36ms)
			SetupLoadedEditorAssemblies (376ms)
				LogAssemblyErrors (0ms)
				InitializePlatformSupportModulesInManaged (11ms)
				SetLoadedEditorAssemblies (1ms)
				RefreshPlugins (1ms)
				BeforeProcessingInitializeOnLoad (77ms)
				ProcessInitializeOnLoadAttributes (198ms)
				ProcessInitializeOnLoadMethodAttributes (80ms)
				AfterProcessingInitializeOnLoad (9ms)
				EditorAssembliesLoaded (0ms)
			ExecutionOrderSort2 (0ms)
			AwakeInstancesAfterBackupRestoration (13ms)
Platform modules already initialized, skipping
Refreshing native plugins compatible for Editor in 2.04 ms, found 3 plugins.
Preloading 0 native plugins for Editor in 0.00 ms.
Unloading 4886 Unused Serialized files (Serialized files now loaded: 0)
Unloading 23 unused Assets / (309.9 KB). Loaded Objects now: 5481.
Memory consumption went from 187.9 MB to 187.6 MB.
Total: 2.966100 ms (FindLiveObjects: 0.298000 ms CreateObjectMapping: 0.125900 ms MarkObjects: 2.493400 ms  DeleteObjects: 0.048200 ms)

AssetImportParameters requested are different than current active one (requested -> active):
  custom:video-decoder-ogg-theora: a1e56fd34408186e4bbccfd4996cb3dc -> 
  custom:container-muxer-webm: aa71ff27fc2769a1b78a27578f13a17b -> 
  custom:container-demuxer-webm: 4f35f7cbe854078d1ac9338744f61a02 -> 
  custom:video-encoder-webm-vp8: eb34c28f22e8b96e1ab97ce403110664 -> 
  custom:audio-encoder-webm-vorbis: bf7c407c2cedff20999df2af8eb42d56 -> 
  custom:framework-win-MediaFoundation: 216162199b28c13a410421893ffa2e32 -> 
  custom:container-demuxer-ogg: 62fdf1f143b41e24485cea50d1cbac27 -> 
  custom:video-decoder-webm-vp8: 9c59270c3fd7afecdb556c50c9e8de78 -> 
  custom:audio-decoder-ogg-vorbis: bf7c407c2cedff20999df2af8eb42d56 -> 
========================================================================
Received Prepare
Registering precompiled user dll's ...
Registered in 0.004745 seconds.
Begin MonoManager ReloadAssembly
Symbol file LoadedFromMemory doesn't match image C:\Users\Robert\3d\Library\PackageCache\com.unity.visualscripting@1.7.6\Editor\VisualScripting.Core\Dependencies\YamlDotNet\Unity.VisualScripting.YamlDotNet.dll
Symbol file LoadedFromMemory doesn't match image C:\Users\Robert\3d\Library\PackageCache\com.unity.visualscripting@1.7.6\Editor\VisualScripting.Core\Dependencies\DotNetZip\Unity.VisualScripting.IonicZip.dll
Native extension for WindowsStandalone target not found
Refreshing native plugins compatible for Editor in 1.26 ms, found 3 plugins.
Preloading 0 native plugins for Editor in 0.00 ms.
Mono: successfully reloaded assembly
- Completed reload, in  0.866 seconds
Domain Reload Profiling:
	ReloadAssembly (866ms)
		BeginReloadAssembly (97ms)
			ExecutionOrderSort (0ms)
			DisableScriptedObjects (4ms)
			BackupInstance (0ms)
			ReleaseScriptingObjects (0ms)
			CreateAndSetChildDomain (28ms)
		EndReloadAssembly (696ms)
			LoadAssemblies (61ms)
			RebuildTransferFunctionScriptingTraits (0ms)
			SetupTypeCache (183ms)
			ReleaseScriptCaches (1ms)
			RebuildScriptCaches (36ms)
			SetupLoadedEditorAssemblies (356ms)
				LogAssemblyErrors (0ms)
				InitializePlatformSupportModulesInManaged (11ms)
				SetLoadedEditorAssemblies (0ms)
				RefreshPlugins (1ms)
				BeforeProcessingInitializeOnLoad (73ms)
				ProcessInitializeOnLoadAttributes (186ms)
				ProcessInitializeOnLoadMethodAttributes (76ms)
				AfterProcessingInitializeOnLoad (8ms)
				EditorAssembliesLoaded (0ms)
			ExecutionOrderSort2 (0ms)
			AwakeInstancesAfterBackupRestoration (16ms)
Platform modules already initialized, skipping
Refreshing native plugins compatible for Editor in 2.09 ms, found 3 plugins.
Preloading 0 native plugins for Editor in 0.00 ms.
Unloading 4886 Unused Serialized files (Serialized files now loaded: 0)
Unloading 23 unused Assets / (309.9 KB). Loaded Objects now: 5484.
Memory consumption went from 187.9 MB to 187.6 MB.
Total: 3.176000 ms (FindLiveObjects: 0.352100 ms CreateObjectMapping: 0.142500 ms MarkObjects: 2.628600 ms  DeleteObjects: 0.052000 ms)

AssetImportParameters requested are different than current active one (requested -> active):
  custom:video-decoder-ogg-theora: a1e56fd34408186e4bbccfd4996cb3dc -> 
  custom:container-muxer-webm: aa71ff27fc2769a1b78a27578f13a17b -> 
  custom:container-demuxer-webm: 4f35f7cbe854078d1ac9338744f61a02 -> 
  custom:video-encoder-webm-vp8: eb34c28f22e8b96e1ab97ce403110664 -> 
  custom:audio-encoder-webm-vorbis: bf7c407c2cedff20999df2af8eb42d56 -> 
  custom:framework-win-MediaFoundation: 216162199b28c13a410421893ffa2e32 -> 
  custom:container-demuxer-ogg: 62fdf1f143b41e24485cea50d1cbac27 -> 
  custom:video-decoder-webm-vp8: 9c59270c3fd7afecdb556c50c9e8de78 -> 
  custom:audio-decoder-ogg-vorbis: bf7c407c2cedff20999df2af8eb42d56 -> 
========================================================================
Received Import Request.
  Time since last request: 369.686865 seconds.
  path: Assets/Handpainted_Grass_and_Ground_Textures/Demo/terrain_layers/NewLayer 1.terrainlayer
  artifactKey: Guid(7788eddb58c70e34ab1399297e976046) Importer(815301076,1909f56bfc062723c751e8b465ee728b)
Start importing Assets/Handpainted_Grass_and_Ground_Textures/Demo/terrain_layers/NewLayer 1.terrainlayer using Guid(7788eddb58c70e34ab1399297e976046) Importer(815301076,1909f56bfc062723c751e8b465ee728b)  -> (artifact id: '9f961131805b15075742daf9e0aabefb') in 0.068298 seconds 
========================================================================
Received Import Request.
  Time since last request: 0.000028 seconds.
  path: Assets/Handpainted_Grass_and_Ground_Textures/Demo/terrain_layers/NewLayer.terrainlayer
  artifactKey: Guid(cffc51ef36047a942a7a50414b5a32da) Importer(815301076,1909f56bfc062723c751e8b465ee728b)
Start importing Assets/Handpainted_Grass_and_Ground_Textures/Demo/terrain_layers/NewLayer.terrainlayer using Guid(cffc51ef36047a942a7a50414b5a32da) Importer(815301076,1909f56bfc062723c751e8b465ee728b)  -> (artifact id: 'b57491827791755ef5e66ba17093a4ea') in 0.011009 seconds 
========================================================================
Received Import Request.
  Time since last request: 35.035514 seconds.
  path: Assets/FreeVegetation-LowPolyNature/FreeVegetation/Materials/Bush_1.mat
  artifactKey: Guid(41543f25990715d47b8829388b91cd6a) Importer(815301076,1909f56bfc062723c751e8b465ee728b)
Start importing Assets/FreeVegetation-LowPolyNature/FreeVegetation/Materials/Bush_1.mat using Guid(41543f25990715d47b8829388b91cd6a) Importer(815301076,1909f56bfc062723c751e8b465ee728b)  -> (artifact id: 'bcd1754be644b732b22a6a7289f0e7e3') in 0.177210 seconds 
========================================================================
Received Import Request.
  Time since last request: 0.000021 seconds.
  path: Assets/FreeVegetation-LowPolyNature/FreeVegetation/Materials/TreeLeaf_1.mat
  artifactKey: Guid(22ae8ca533ae0ff45a92966006a65514) Importer(815301076,1909f56bfc062723c751e8b465ee728b)
Start importing Assets/FreeVegetation-LowPolyNature/FreeVegetation/Materials/TreeLeaf_1.mat using Guid(22ae8ca533ae0ff45a92966006a65514) Importer(815301076,1909f56bfc062723c751e8b465ee728b)  -> (artifact id: '6e20ffe13606c1c66725402fe100ee1a') in 0.014052 seconds 
========================================================================
Received Import Request.
  Time since last request: 0.000028 seconds.
  path: Assets/FreeVegetation-LowPolyNature/FreeVegetation/Materials/TrunkDamage_1.mat
  artifactKey: Guid(23c20ac7f6d472942a1dd905e69fc6f6) Importer(815301076,1909f56bfc062723c751e8b465ee728b)
Start importing Assets/FreeVegetation-LowPolyNature/FreeVegetation/Materials/TrunkDamage_1.mat using Guid(23c20ac7f6d472942a1dd905e69fc6f6) Importer(815301076,1909f56bfc062723c751e8b465ee728b)  -> (artifact id: 'e0ec939684f0cbf15c7d6dc1b0e05fe1') in 0.014043 seconds 
========================================================================
Received Import Request.
  Time since last request: 0.299973 seconds.
  path: Assets/FreeVegetation-LowPolyNature/FreeVegetation/Models/Vegetation.fbx
  artifactKey: Guid(2072bd79c1ae41441b0d087f04e9ec49) Importer(815301076,1909f56bfc062723c751e8b465ee728b)
Start importing Assets/FreeVegetation-LowPolyNature/FreeVegetation/Models/Vegetation.fbx using Guid(2072bd79c1ae41441b0d087f04e9ec49) Importer(815301076,1909f56bfc062723c751e8b465ee728b)  -> (artifact id: '39a65a621720d57837546d8858203ecb') in 1.180436 seconds 
========================================================================
Received Import Request.
  Time since last request: 1.495448 seconds.
  path: Assets/FreeVegetation-LowPolyNature/FreeVegetation/Prefabs/Bush_1_2.prefab
  artifactKey: Guid(e8e4c79974d5dd2469bc0c0055921376) Importer(815301076,1909f56bfc062723c751e8b465ee728b)
Start importing Assets/FreeVegetation-LowPolyNature/FreeVegetation/Prefabs/Bush_1_2.prefab using Guid(e8e4c79974d5dd2469bc0c0055921376) Importer(815301076,1909f56bfc062723c751e8b465ee728b)  -> (artifact id: '65573b118efc0158aef8fb973f3eff33') in 0.012390 seconds 
========================================================================
Received Import Request.
  Time since last request: 0.000017 seconds.
  path: Assets/FreeVegetation-LowPolyNature/FreeVegetation/Prefabs/Plant_1_1.prefab
  artifactKey: Guid(18e11e0f358c3684abd2b1363d394d68) Importer(815301076,1909f56bfc062723c751e8b465ee728b)
Start importing Assets/FreeVegetation-LowPolyNature/FreeVegetation/Prefabs/Plant_1_1.prefab using Guid(18e11e0f358c3684abd2b1363d394d68) Importer(815301076,1909f56bfc062723c751e8b465ee728b)  -> (artifact id: 'c046e6ef7c6a83209220b5d58503d86c') in 0.012516 seconds 
========================================================================
Received Import Request.
  Time since last request: 0.000029 seconds.
  path: Assets/FreeVegetation-LowPolyNature/FreeVegetation/Prefabs/Tree_1_1.prefab
  artifactKey: Guid(465cbb465c9880c45887d824bd1f720b) Importer(815301076,1909f56bfc062723c751e8b465ee728b)
Start importing Assets/FreeVegetation-LowPolyNature/FreeVegetation/Prefabs/Tree_1_1.prefab using Guid(465cbb465c9880c45887d824bd1f720b) Importer(815301076,1909f56bfc062723c751e8b465ee728b)  -> (artifact id: 'a42c84cd33ecafc6a96f8a89b18bf08a') in 0.021895 seconds 
========================================================================
Received Import Request.
  Time since last request: 0.000022 seconds.
  path: Assets/FreeVegetation-LowPolyNature/FreeVegetation/Prefabs/Grass_2_1.prefab
  artifactKey: Guid(1ddaf242dd01c744393cf9bd8a9334d1) Importer(815301076,1909f56bfc062723c751e8b465ee728b)
Start importing Assets/FreeVegetation-LowPolyNature/FreeVegetation/Prefabs/Grass_2_1.prefab using Guid(1ddaf242dd01c744393cf9bd8a9334d1) Importer(815301076,1909f56bfc062723c751e8b465ee728b)  -> (artifact id: 'c13d3fc578c3e0901e398aa1fe173f7a') in 0.012996 seconds 
========================================================================
Received Import Request.
  Time since last request: 0.000022 seconds.
  path: Assets/FreeVegetation-LowPolyNature/FreeVegetation/Prefabs/Grass_1_2.prefab
  artifactKey: Guid(729e667a67b1fbd40adbda716ae59a2e) Importer(815301076,1909f56bfc062723c751e8b465ee728b)
Start importing Assets/FreeVegetation-LowPolyNature/FreeVegetation/Prefabs/Grass_1_2.prefab using Guid(729e667a67b1fbd40adbda716ae59a2e) Importer(815301076,1909f56bfc062723c751e8b465ee728b)  -> (artifact id: '3d4f6b84dca33de0dd14344f38ad5ae2') in 0.013078 seconds 
========================================================================
Received Import Request.
  Time since last request: 0.375760 seconds.
  path: Assets/FreeVegetation-LowPolyNature/FreeVegetation/Textures/LowPolyNormal.png
  artifactKey: Guid(82c1b4c112dc0e041bd7f131c1ab9a89) Importer(815301076,1909f56bfc062723c751e8b465ee728b)
Start importing Assets/FreeVegetation-LowPolyNature/FreeVegetation/Textures/LowPolyNormal.png using Guid(82c1b4c112dc0e041bd7f131c1ab9a89) Importer(815301076,1909f56bfc062723c751e8b465ee728b)  -> (artifact id: 'aa7c59b92fe2ca9fd22b9be75cb8e68c') in 0.017260 seconds 
========================================================================
Received Import Request.
  Time since last request: 71.816278 seconds.
  path: Assets/FreeVegetation-LowPolyNature/FreeVegetation/Materials/Flower_1.mat
  artifactKey: Guid(283de1beb3aedd045a5a80e606de63c6) Importer(815301076,1909f56bfc062723c751e8b465ee728b)
Start importing Assets/FreeVegetation-LowPolyNature/FreeVegetation/Materials/Flower_1.mat using Guid(283de1beb3aedd045a5a80e606de63c6) Importer(815301076,1909f56bfc062723c751e8b465ee728b)  -> (artifact id: 'a6594542b110502c7c338fec90cab03e') in 0.011890 seconds 
========================================================================
Received Import Request.
  Time since last request: 0.000024 seconds.
  path: Assets/FreeVegetation-LowPolyNature/FreeVegetation/Materials/Grass_1.mat
  artifactKey: Guid(7e9e3cb396458b84aada10e45759c373) Importer(815301076,1909f56bfc062723c751e8b465ee728b)
Start importing Assets/FreeVegetation-LowPolyNature/FreeVegetation/Materials/Grass_1.mat using Guid(7e9e3cb396458b84aada10e45759c373) Importer(815301076,1909f56bfc062723c751e8b465ee728b)  -> (artifact id: 'b90f225e27a724d2bd7d9cfa6badbc1e') in 0.010321 seconds 
========================================================================
Received Import Request.
  Time since last request: 25.759061 seconds.
  path: Assets/FreeVegetation-LowPolyNature/FreeVegetation/Prefabs/Bush_1_2.prefab
  artifactKey: Guid(e8e4c79974d5dd2469bc0c0055921376) Importer(815301076,1909f56bfc062723c751e8b465ee728b)
Start importing Assets/FreeVegetation-LowPolyNature/FreeVegetation/Prefabs/Bush_1_2.prefab using Guid(e8e4c79974d5dd2469bc0c0055921376) Importer(815301076,1909f56bfc062723c751e8b465ee728b)  -> (artifact id: 'd90be402e46003bc7c67f50c5df0be16') in 0.014315 seconds 
========================================================================
Received Import Request.
  Time since last request: 0.000017 seconds.
  path: Assets/FreeVegetation-LowPolyNature/FreeVegetation/Prefabs/Plant_1_1.prefab
  artifactKey: Guid(18e11e0f358c3684abd2b1363d394d68) Importer(815301076,1909f56bfc062723c751e8b465ee728b)
Start importing Assets/FreeVegetation-LowPolyNature/FreeVegetation/Prefabs/Plant_1_1.prefab using Guid(18e11e0f358c3684abd2b1363d394d68) Importer(815301076,1909f56bfc062723c751e8b465ee728b)  -> (artifact id: '0bf1c635aca37a43d442c825baececa8') in 0.010521 seconds 
========================================================================
Received Import Request.
  Time since last request: 0.000021 seconds.
  path: Assets/FreeVegetation-LowPolyNature/FreeVegetation/Prefabs/FallenTree_1_1.prefab
  artifactKey: Guid(c33d23e7dff87c94bbbf8303e2318397) Importer(815301076,1909f56bfc062723c751e8b465ee728b)
Start importing Assets/FreeVegetation-LowPolyNature/FreeVegetation/Prefabs/FallenTree_1_1.prefab using Guid(c33d23e7dff87c94bbbf8303e2318397) Importer(815301076,1909f56bfc062723c751e8b465ee728b)  -> (artifact id: '8fd0cb2b2545dfb8d496fddf988a54fb') in 0.016190 seconds 
========================================================================
Received Import Request.
  Time since last request: 0.000027 seconds.
  path: Assets/FreeVegetation-LowPolyNature/FreeVegetation/Prefabs/Tree_1_2.prefab
  artifactKey: Guid(d855296cdd38f1d43a9018c918395080) Importer(815301076,1909f56bfc062723c751e8b465ee728b)
Start importing Assets/FreeVegetation-LowPolyNature/FreeVegetation/Prefabs/Tree_1_2.prefab using Guid(d855296cdd38f1d43a9018c918395080) Importer(815301076,1909f56bfc062723c751e8b465ee728b)  -> (artifact id: '3dd7063d16e449d2d0021c3cd75bf0cf') in 0.011552 seconds 
========================================================================
Received Import Request.
  Time since last request: 0.000021 seconds.
  path: Assets/FreeVegetation-LowPolyNature/FreeVegetation/Prefabs/Grass_1_1.prefab
  artifactKey: Guid(2ab833ef86401f8409c0310ffb61631e) Importer(815301076,1909f56bfc062723c751e8b465ee728b)
Start importing Assets/FreeVegetation-LowPolyNature/FreeVegetation/Prefabs/Grass_1_1.prefab using Guid(2ab833ef86401f8409c0310ffb61631e) Importer(815301076,1909f56bfc062723c751e8b465ee728b)  -> (artifact id: '9eaf7197029e5e208c0dd7921db77148') in 0.011584 seconds 
Editor requested this worker to shutdown with reason: Scaling down because of idle timeout
AssetImportWorker is now disconnected from the server
Process exiting
Exiting without the bug reporter. Application will terminate with return code 0