Using pre-set license
Built from '2021.3/staging' branch; Version is '2021.3.2f1 (d6360bedb9a0) revision 14038539'; Using compiler version '192829333'; Build Type 'Release'
OS: 'Windows 10  (10.0.19043) 64bit Core' Language: 'pl' Physical Memory: 32694 MB
BatchMode: 1, IsHumanControllingUs: 0, StartBugReporterOnCrash: 0, Is64bit: 1, IsPro: 1

COMMAND LINE ARGUMENTS:
C:\Program Files\Unity\Hub\Editor\2021.3.2f1\Editor\Unity.exe
-adb2
-batchMode
-noUpm
-name
AssetImportWorker5
-projectPath
C:/Users/Robert/3d
-logFile
Logs/AssetImportWorker5.log
-srvPort
51630
Successfully changed project path to: C:/Users/Robert/3d
C:/Users/Robert/3d
[UnityMemory] Configuration Parameters - Can be set up in boot.config
    "memorysetup-bucket-allocator-granularity=16"
    "memorysetup-bucket-allocator-bucket-count=8"
    "memorysetup-bucket-allocator-block-size=33554432"
    "memorysetup-bucket-allocator-block-count=8"
    "memorysetup-main-allocator-block-size=16777216"
    "memorysetup-thread-allocator-block-size=16777216"
    "memorysetup-gfx-main-allocator-block-size=16777216"
    "memorysetup-gfx-thread-allocator-block-size=16777216"
    "memorysetup-cache-allocator-block-size=4194304"
    "memorysetup-typetree-allocator-block-size=2097152"
    "memorysetup-profiler-bucket-allocator-granularity=16"
    "memorysetup-profiler-bucket-allocator-bucket-count=8"
    "memorysetup-profiler-bucket-allocator-block-size=33554432"
    "memorysetup-profiler-bucket-allocator-block-count=8"
    "memorysetup-profiler-allocator-block-size=16777216"
    "memorysetup-profiler-editor-allocator-block-size=1048576"
    "memorysetup-temp-allocator-size-main=16777216"
    "memorysetup-job-temp-allocator-block-size=2097152"
    "memorysetup-job-temp-allocator-block-size-background=1048576"
    "memorysetup-job-temp-allocator-reduction-small-platforms=262144"
    "memorysetup-temp-allocator-size-background-worker=32768"
    "memorysetup-temp-allocator-size-job-worker=262144"
    "memorysetup-temp-allocator-size-preload-manager=33554432"
    "memorysetup-temp-allocator-size-nav-mesh-worker=65536"
    "memorysetup-temp-allocator-size-audio-worker=65536"
    "memorysetup-temp-allocator-size-cloud-worker=32768"
    "memorysetup-temp-allocator-size-gi-baking-worker=262144"
    "memorysetup-temp-allocator-size-gfx=262144"
Refreshing native plugins compatible for Editor in 72.45 ms, found 3 plugins.
Preloading 0 native plugins for Editor in 0.00 ms.
Initialize engine version: 2021.3.2f1 (d6360bedb9a0)
[Subsystems] Discovering subsystems at path C:/Program Files/Unity/Hub/Editor/2021.3.2f1/Editor/Data/Resources/UnitySubsystems
[Subsystems] Discovering subsystems at path C:/Users/Robert/3d/Assets
GfxDevice: creating device client; threaded=0; jobified=0
Direct3D:
    Version:  Direct3D 11.0 [level 11.1]
    Renderer: NVIDIA GeForce RTX 3060 (ID=0x2503)
    Vendor:   NVIDIA
    VRAM:     12142 MB
    Driver:   30.0.15.1215
Initialize mono
Mono path[0] = 'C:/Program Files/Unity/Hub/Editor/2021.3.2f1/Editor/Data/Managed'
Mono path[1] = 'C:/Program Files/Unity/Hub/Editor/2021.3.2f1/Editor/Data/MonoBleedingEdge/lib/mono/unityjit-win32'
Mono config path = 'C:/Program Files/Unity/Hub/Editor/2021.3.2f1/Editor/Data/MonoBleedingEdge/etc'
Using monoOptions --debugger-agent=transport=dt_socket,embedding=1,server=y,suspend=n,address=127.0.0.1:56600
Begin MonoManager ReloadAssembly
Registering precompiled unity dll's ...
Register platform support module: C:/Program Files/Unity/Hub/Editor/2021.3.2f1/Editor/Data/PlaybackEngines/WindowsStandaloneSupport/UnityEditor.WindowsStandalone.Extensions.dll
Registered in 0.005074 seconds.
Native extension for WindowsStandalone target not found
Refreshing native plugins compatible for Editor in 75.58 ms, found 3 plugins.
Preloading 0 native plugins for Editor in 0.00 ms.
Mono: successfully reloaded assembly
- Completed reload, in  0.474 seconds
Domain Reload Profiling:
	ReloadAssembly (474ms)
		BeginReloadAssembly (50ms)
			ExecutionOrderSort (0ms)
			DisableScriptedObjects (0ms)
			BackupInstance (0ms)
			ReleaseScriptingObjects (0ms)
			CreateAndSetChildDomain (1ms)
		EndReloadAssembly (339ms)
			LoadAssemblies (48ms)
			RebuildTransferFunctionScriptingTraits (0ms)
			SetupTypeCache (67ms)
			ReleaseScriptCaches (0ms)
			RebuildScriptCaches (20ms)
			SetupLoadedEditorAssemblies (216ms)
				LogAssemblyErrors (0ms)
				InitializePlatformSupportModulesInManaged (7ms)
				SetLoadedEditorAssemblies (0ms)
				RefreshPlugins (76ms)
				BeforeProcessingInitializeOnLoad (1ms)
				ProcessInitializeOnLoadAttributes (99ms)
				ProcessInitializeOnLoadMethodAttributes (33ms)
				AfterProcessingInitializeOnLoad (0ms)
				EditorAssembliesLoaded (0ms)
			ExecutionOrderSort2 (0ms)
			AwakeInstancesAfterBackupRestoration (0ms)
Platform modules already initialized, skipping
Registering precompiled user dll's ...
Registered in 0.005058 seconds.
Begin MonoManager ReloadAssembly
Symbol file LoadedFromMemory doesn't match image C:\Users\Robert\3d\Library\PackageCache\com.unity.visualscripting@1.7.6\Editor\VisualScripting.Core\Dependencies\YamlDotNet\Unity.VisualScripting.YamlDotNet.dll
Symbol file LoadedFromMemory doesn't match image C:\Users\Robert\3d\Library\PackageCache\com.unity.visualscripting@1.7.6\Editor\VisualScripting.Core\Dependencies\DotNetZip\Unity.VisualScripting.IonicZip.dll
Native extension for WindowsStandalone target not found
Refreshing native plugins compatible for Editor in 74.78 ms, found 3 plugins.
Preloading 0 native plugins for Editor in 0.00 ms.
Mono: successfully reloaded assembly
- Completed reload, in  0.895 seconds
Domain Reload Profiling:
	ReloadAssembly (896ms)
		BeginReloadAssembly (83ms)
			ExecutionOrderSort (0ms)
			DisableScriptedObjects (4ms)
			BackupInstance (0ms)
			ReleaseScriptingObjects (0ms)
			CreateAndSetChildDomain (16ms)
		EndReloadAssembly (719ms)
			LoadAssemblies (60ms)
			RebuildTransferFunctionScriptingTraits (0ms)
			SetupTypeCache (184ms)
			ReleaseScriptCaches (1ms)
			RebuildScriptCaches (37ms)
			SetupLoadedEditorAssemblies (411ms)
				LogAssemblyErrors (0ms)
				InitializePlatformSupportModulesInManaged (4ms)
				SetLoadedEditorAssemblies (0ms)
				RefreshPlugins (75ms)
				BeforeProcessingInitializeOnLoad (77ms)
				ProcessInitializeOnLoadAttributes (187ms)
				ProcessInitializeOnLoadMethodAttributes (63ms)
				AfterProcessingInitializeOnLoad (6ms)
				EditorAssembliesLoaded (0ms)
			ExecutionOrderSort2 (0ms)
			AwakeInstancesAfterBackupRestoration (5ms)
Platform modules already initialized, skipping
========================================================================
Worker process is ready to serve import requests
Launched and connected shader compiler UnityShaderCompiler.exe after 0.04 seconds
Refreshing native plugins compatible for Editor in 0.75 ms, found 3 plugins.
Preloading 0 native plugins for Editor in 0.00 ms.
Unloading 5012 Unused Serialized files (Serialized files now loaded: 0)
Unloading 30 unused Assets / (347.2 KB). Loaded Objects now: 5474.
Memory consumption went from 196.4 MB to 196.1 MB.
Total: 2.793100 ms (FindLiveObjects: 0.301300 ms CreateObjectMapping: 0.120700 ms MarkObjects: 2.248200 ms  DeleteObjects: 0.122000 ms)

AssetImportParameters requested are different than current active one (requested -> active):
  custom:video-decoder-ogg-theora: a1e56fd34408186e4bbccfd4996cb3dc -> 
  custom:container-muxer-webm: aa71ff27fc2769a1b78a27578f13a17b -> 
  custom:container-demuxer-webm: 4f35f7cbe854078d1ac9338744f61a02 -> 
  custom:video-encoder-webm-vp8: eb34c28f22e8b96e1ab97ce403110664 -> 
  custom:audio-encoder-webm-vorbis: bf7c407c2cedff20999df2af8eb42d56 -> 
  custom:framework-win-MediaFoundation: 216162199b28c13a410421893ffa2e32 -> 
  custom:container-demuxer-ogg: 62fdf1f143b41e24485cea50d1cbac27 -> 
  custom:video-decoder-webm-vp8: 9c59270c3fd7afecdb556c50c9e8de78 -> 
  custom:audio-decoder-ogg-vorbis: bf7c407c2cedff20999df2af8eb42d56 -> 
========================================================================
Received Import Request.
  Time since last request: 848428.181793 seconds.
  path: Assets/FreeVegetation-LowPolyNature/FreeVegetation/Prefabs/Bush_1_2.prefab
  artifactKey: Guid(e8e4c79974d5dd2469bc0c0055921376) Importer(815301076,1909f56bfc062723c751e8b465ee728b)
Start importing Assets/FreeVegetation-LowPolyNature/FreeVegetation/Prefabs/Bush_1_2.prefab using Guid(e8e4c79974d5dd2469bc0c0055921376) Importer(815301076,1909f56bfc062723c751e8b465ee728b)  -> (artifact id: '0a0077108d673732a0b6e7fac27bbe4c') in 0.254003 seconds 
========================================================================
Received Import Request.
  Time since last request: 18.280245 seconds.
  path: Assets/Low_Poly_Mini_Village/PostProcessingprofiles/Profile3.asset
  artifactKey: Guid(6ef1e970ec6e5a2458c2a758a36c11c6) Importer(815301076,1909f56bfc062723c751e8b465ee728b)
Start importing Assets/Low_Poly_Mini_Village/PostProcessingprofiles/Profile3.asset using Guid(6ef1e970ec6e5a2458c2a758a36c11c6) Importer(815301076,1909f56bfc062723c751e8b465ee728b)  -> (artifact id: 'f6af438d8ffa6e99c20f0e64c2a3138a') in 0.004915 seconds 
========================================================================
Received Import Request.
  Time since last request: 3.428718 seconds.
  path: Assets/Low_Poly_Mini_Village/Prefabs/Church_1.prefab
  artifactKey: Guid(fec05b3694b2ffb4da8dc2a3fbcd8256) Importer(815301076,1909f56bfc062723c751e8b465ee728b)
Start importing Assets/Low_Poly_Mini_Village/Prefabs/Church_1.prefab using Guid(fec05b3694b2ffb4da8dc2a3fbcd8256) Importer(815301076,1909f56bfc062723c751e8b465ee728b)  -> (artifact id: '5b84adf6d1ee98bbdaf866fbac7f194a') in 0.035956 seconds 
========================================================================
Received Import Request.
  Time since last request: 0.000024 seconds.
  path: Assets/Low_Poly_Mini_Village/Prefabs/Tree_1.prefab
  artifactKey: Guid(2f88bb42a1ce0c043834b471617d3b2a) Importer(815301076,1909f56bfc062723c751e8b465ee728b)
Start importing Assets/Low_Poly_Mini_Village/Prefabs/Tree_1.prefab using Guid(2f88bb42a1ce0c043834b471617d3b2a) Importer(815301076,1909f56bfc062723c751e8b465ee728b)  -> (artifact id: 'b89a16543b06a90b86931e65b40cfef5') in 0.022373 seconds 
========================================================================
Received Import Request.
  Time since last request: 0.000031 seconds.
  path: Assets/Low_Poly_Mini_Village/Prefabs/Well1.prefab
  artifactKey: Guid(5e9761041a6b5b647a3b3b0d79c4ad68) Importer(815301076,1909f56bfc062723c751e8b465ee728b)
Start importing Assets/Low_Poly_Mini_Village/Prefabs/Well1.prefab using Guid(5e9761041a6b5b647a3b3b0d79c4ad68) Importer(815301076,1909f56bfc062723c751e8b465ee728b)  -> (artifact id: 'c2f4d56c0bf6bfc84d6c8b9560ac968c') in 0.018942 seconds 
========================================================================
Received Import Request.
  Time since last request: 0.000023 seconds.
  path: Assets/Low_Poly_Mini_Village/Prefabs/Electric_cable.prefab
  artifactKey: Guid(0dbda4ea70ba28549b5c445249486cf5) Importer(815301076,1909f56bfc062723c751e8b465ee728b)
Start importing Assets/Low_Poly_Mini_Village/Prefabs/Electric_cable.prefab using Guid(0dbda4ea70ba28549b5c445249486cf5) Importer(815301076,1909f56bfc062723c751e8b465ee728b)  -> (artifact id: '54bde6905f9c401debb4aa21b062fcbe') in 0.018765 seconds 
========================================================================
Received Import Request.
  Time since last request: 0.000016 seconds.
  path: Assets/Low_Poly_Mini_Village/Prefabs/Grass_1.prefab
  artifactKey: Guid(f7155cb81768ed845bbaa6821ede4fe3) Importer(815301076,1909f56bfc062723c751e8b465ee728b)
Start importing Assets/Low_Poly_Mini_Village/Prefabs/Grass_1.prefab using Guid(f7155cb81768ed845bbaa6821ede4fe3) Importer(815301076,1909f56bfc062723c751e8b465ee728b)  -> (artifact id: '43d2b66f1e00e3fbf9443a098a57afff') in 0.054577 seconds 
========================================================================
Received Import Request.
  Time since last request: 0.000020 seconds.
  path: Assets/Low_Poly_Mini_Village/Prefabs/House_3.prefab
  artifactKey: Guid(0ec5d1d949191f44b8281801bfcfe011) Importer(815301076,1909f56bfc062723c751e8b465ee728b)
Start importing Assets/Low_Poly_Mini_Village/Prefabs/House_3.prefab using Guid(0ec5d1d949191f44b8281801bfcfe011) Importer(815301076,1909f56bfc062723c751e8b465ee728b)  -> (artifact id: '68ba16cff87c62f40fce61f5d406f90b') in 0.042749 seconds 
========================================================================
Received Import Request.
  Time since last request: 0.000020 seconds.
  path: Assets/Low_Poly_Mini_Village/Prefabs/Road_sign1.prefab
  artifactKey: Guid(41093631723a72d42bccc0b698461fd2) Importer(815301076,1909f56bfc062723c751e8b465ee728b)
Start importing Assets/Low_Poly_Mini_Village/Prefabs/Road_sign1.prefab using Guid(41093631723a72d42bccc0b698461fd2) Importer(815301076,1909f56bfc062723c751e8b465ee728b)  -> (artifact id: 'bbc6e50212f316ecbc8bf39876d4adad') in 0.021199 seconds 
========================================================================
Received Import Request.
  Time since last request: 0.000021 seconds.
  path: Assets/Low_Poly_Mini_Village/Prefabs/Ground.prefab
  artifactKey: Guid(e3e0e20c8d3c49843b9f69d078adbdf7) Importer(815301076,1909f56bfc062723c751e8b465ee728b)
Start importing Assets/Low_Poly_Mini_Village/Prefabs/Ground.prefab using Guid(e3e0e20c8d3c49843b9f69d078adbdf7) Importer(815301076,1909f56bfc062723c751e8b465ee728b)  -> (artifact id: 'c37b88b5a26890bec56786da9c0ab700') in 0.012387 seconds 
========================================================================
Received Import Request.
  Time since last request: 0.000025 seconds.
  path: Assets/Low_Poly_Mini_Village/Prefabs/Rock_2.prefab
  artifactKey: Guid(7bf62b0bc39558d48807aa176c485b64) Importer(815301076,1909f56bfc062723c751e8b465ee728b)
Start importing Assets/Low_Poly_Mini_Village/Prefabs/Rock_2.prefab using Guid(7bf62b0bc39558d48807aa176c485b64) Importer(815301076,1909f56bfc062723c751e8b465ee728b)  -> (artifact id: 'bc04978afcd81dbdeec1a33c344d7a22') in 0.012342 seconds 
========================================================================
Received Import Request.
  Time since last request: 0.000023 seconds.
  path: Assets/Low_Poly_Mini_Village/Prefabs/House_1.prefab
  artifactKey: Guid(2030e0fa2aadfed4b9f99149cab54c72) Importer(815301076,1909f56bfc062723c751e8b465ee728b)
Start importing Assets/Low_Poly_Mini_Village/Prefabs/House_1.prefab using Guid(2030e0fa2aadfed4b9f99149cab54c72) Importer(815301076,1909f56bfc062723c751e8b465ee728b)  -> (artifact id: 'a22fc16d4652fe24e28a7b9da275379e') in 0.013116 seconds 
========================================================================
Received Import Request.
  Time since last request: 22.508604 seconds.
  path: Assets/Low_Poly_Mini_Village/Prefabs/Church_1.prefab
  artifactKey: Guid(fec05b3694b2ffb4da8dc2a3fbcd8256) Importer(815301076,1909f56bfc062723c751e8b465ee728b)
Start importing Assets/Low_Poly_Mini_Village/Prefabs/Church_1.prefab using Guid(fec05b3694b2ffb4da8dc2a3fbcd8256) Importer(815301076,1909f56bfc062723c751e8b465ee728b)  -> (artifact id: '7ce425efb2199abb6ca9465e9b82ee25') in 0.872987 seconds 
========================================================================
Received Import Request.
  Time since last request: 0.000029 seconds.
  path: Assets/Low_Poly_Mini_Village/Prefabs/Tree_1.prefab
  artifactKey: Guid(2f88bb42a1ce0c043834b471617d3b2a) Importer(815301076,1909f56bfc062723c751e8b465ee728b)
Start importing Assets/Low_Poly_Mini_Village/Prefabs/Tree_1.prefab using Guid(2f88bb42a1ce0c043834b471617d3b2a) Importer(815301076,1909f56bfc062723c751e8b465ee728b)  -> (artifact id: '98a0e98254f82d3b3afc2970503e8c2f') in 0.013148 seconds 
========================================================================
Received Import Request.
  Time since last request: 0.000034 seconds.
  path: Assets/Low_Poly_Mini_Village/Prefabs/Electric_cable.prefab
  artifactKey: Guid(0dbda4ea70ba28549b5c445249486cf5) Importer(815301076,1909f56bfc062723c751e8b465ee728b)
Start importing Assets/Low_Poly_Mini_Village/Prefabs/Electric_cable.prefab using Guid(0dbda4ea70ba28549b5c445249486cf5) Importer(815301076,1909f56bfc062723c751e8b465ee728b)  -> (artifact id: '54bd9721a0d8a0204306ad81612e69e0') in 0.016132 seconds 
========================================================================
Received Import Request.
  Time since last request: 0.000031 seconds.
  path: Assets/Low_Poly_Mini_Village/Prefabs/Grass_2.prefab
  artifactKey: Guid(161c85f0af49e7b4dad7dd340e1e39fd) Importer(815301076,1909f56bfc062723c751e8b465ee728b)
Start importing Assets/Low_Poly_Mini_Village/Prefabs/Grass_2.prefab using Guid(161c85f0af49e7b4dad7dd340e1e39fd) Importer(815301076,1909f56bfc062723c751e8b465ee728b)  -> (artifact id: 'dd552b998d3ea497809f9462043bebba') in 0.015807 seconds 
========================================================================
Received Import Request.
  Time since last request: 0.000026 seconds.
  path: Assets/Low_Poly_Mini_Village/Prefabs/Tree_3.prefab
  artifactKey: Guid(0e40fc051ed65994baf499c5b9715ce0) Importer(815301076,1909f56bfc062723c751e8b465ee728b)
Start importing Assets/Low_Poly_Mini_Village/Prefabs/Tree_3.prefab using Guid(0e40fc051ed65994baf499c5b9715ce0) Importer(815301076,1909f56bfc062723c751e8b465ee728b)  -> (artifact id: '669fbc87379897872a9923ed2bb8c333') in 0.015588 seconds 
========================================================================
Received Import Request.
  Time since last request: 0.000025 seconds.
  path: Assets/Low_Poly_Mini_Village/Prefabs/Ground.prefab
  artifactKey: Guid(e3e0e20c8d3c49843b9f69d078adbdf7) Importer(815301076,1909f56bfc062723c751e8b465ee728b)
Start importing Assets/Low_Poly_Mini_Village/Prefabs/Ground.prefab using Guid(e3e0e20c8d3c49843b9f69d078adbdf7) Importer(815301076,1909f56bfc062723c751e8b465ee728b)  -> (artifact id: '2f4d1f74b9d6ca40d66704491288b742') in 0.012860 seconds 
========================================================================
Received Import Request.
  Time since last request: 0.000020 seconds.
  path: Assets/Low_Poly_Mini_Village/Prefabs/Tree_4.prefab
  artifactKey: Guid(122cf8bf4f49e3842ae0fce025b4bd02) Importer(815301076,1909f56bfc062723c751e8b465ee728b)
Start importing Assets/Low_Poly_Mini_Village/Prefabs/Tree_4.prefab using Guid(122cf8bf4f49e3842ae0fce025b4bd02) Importer(815301076,1909f56bfc062723c751e8b465ee728b)  -> (artifact id: '15b93f8f7feb4f495410bafb63c1319a') in 0.012469 seconds 
========================================================================
Received Import Request.
  Time since last request: 0.000032 seconds.
  path: Assets/Low_Poly_Mini_Village/Prefabs/Rock_4.prefab
  artifactKey: Guid(750b7a6fa26e20c49b059fef9d453c45) Importer(815301076,1909f56bfc062723c751e8b465ee728b)
Start importing Assets/Low_Poly_Mini_Village/Prefabs/Rock_4.prefab using Guid(750b7a6fa26e20c49b059fef9d453c45) Importer(815301076,1909f56bfc062723c751e8b465ee728b)  -> (artifact id: 'a7a345ed84e0fe2dd54cf11afa6739df') in 0.012679 seconds 
Editor requested this worker to shutdown with reason: Scaling down because of idle timeout
AssetImportWorker is now disconnected from the server
Process exiting
Exiting without the bug reporter. Application will terminate with return code 0